{"/Users/carlgrayau/Desktop/js_final_assignment/express/app.js": {"path":"/Users/carlgrayau/Desktop/js_final_assignment/express/app.js","statementMap":{"0":{"start":{"line":1,"column":16},"end":{"line":1,"column":34}},"1":{"start":{"line":2,"column":15},"end":{"line":2,"column":32}},"2":{"start":{"line":3,"column":12},"end":{"line":3,"column":21}},"3":{"start":{"line":4,"column":13},"end":{"line":4,"column":28}},"4":{"start":{"line":5,"column":19},"end":{"line":5,"column":41}},"5":{"start":{"line":7,"column":0},"end":{"line":7,"column":27}},"6":{"start":{"line":9,"column":0},"end":{"line":11,"column":4}},"7":{"start":{"line":13,"column":0},"end":{"line":13,"column":49}},"8":{"start":{"line":14,"column":0},"end":{"line":14,"column":24}},"9":{"start":{"line":16,"column":0},"end":{"line":16,"column":28}},"10":{"start":{"line":18,"column":0},"end":{"line":18,"column":29}},"11":{"start":{"line":21,"column":0},"end":{"line":21,"column":34}},"12":{"start":{"line":24,"column":0},"end":{"line":24,"column":21}}},"fnMap":{},"branchMap":{},"s":{"0":1,"1":1,"2":1,"3":1,"4":1,"5":1,"6":1,"7":1,"8":1,"9":1,"10":1,"11":1,"12":1},"f":{},"b":{},"_coverageSchema":"43e27e138ebf9cfc5966b082cf9a028302ed4184","hash":"4ec1fce7e339aa7397295c8e08aa246c94db7d5e"}
,"/Users/carlgrayau/Desktop/js_final_assignment/express/controllers/booking_controller.js": {"path":"/Users/carlgrayau/Desktop/js_final_assignment/express/controllers/booking_controller.js","statementMap":{"0":{"start":{"line":1,"column":21},"end":{"line":1,"column":66}},"1":{"start":{"line":2,"column":19},"end":{"line":2,"column":40}},"2":{"start":{"line":3,"column":15},"end":{"line":3,"column":63}},"3":{"start":{"line":4,"column":15},"end":{"line":4,"column":32}},"4":{"start":{"line":5,"column":0},"end":{"line":5,"column":18}},"5":{"start":{"line":8,"column":82},"end":{"line":8,"column":90}},"6":{"start":{"line":10,"column":27},"end":{"line":10,"column":63}},"7":{"start":{"line":12,"column":28},"end":{"line":12,"column":65}},"8":{"start":{"line":14,"column":17},"end":{"line":14,"column":63}},"9":{"start":{"line":16,"column":17},"end":{"line":16,"column":39}},"10":{"start":{"line":18,"column":20},"end":{"line":19,"column":35}},"11":{"start":{"line":19,"column":18},"end":{"line":19,"column":34}},"12":{"start":{"line":21,"column":25},"end":{"line":24,"column":5}},"13":{"start":{"line":25,"column":4},"end":{"line":27,"column":7}},"14":{"start":{"line":29,"column":18},"end":{"line":42,"column":7}},"15":{"start":{"line":43,"column":21},"end":{"line":43,"column":72}},"16":{"start":{"line":44,"column":4},"end":{"line":52,"column":50}},"17":{"start":{"line":49,"column":23},"end":{"line":49,"column":37}},"18":{"start":{"line":50,"column":8},"end":{"line":50,"column":28}},"19":{"start":{"line":52,"column":18},"end":{"line":52,"column":48}},"20":{"start":{"line":70,"column":4},"end":{"line":70,"column":22}},"21":{"start":{"line":74,"column":19},"end":{"line":74,"column":32}},"22":{"start":{"line":75,"column":18},"end":{"line":75,"column":35}},"23":{"start":{"line":76,"column":18},"end":{"line":76,"column":36}},"24":{"start":{"line":78,"column":4},"end":{"line":78,"column":80}},"25":{"start":{"line":82,"column":0},"end":{"line":85,"column":1}}},"fnMap":{"0":{"name":"create","decl":{"start":{"line":7,"column":15},"end":{"line":7,"column":21}},"loc":{"start":{"line":7,"column":32},"end":{"line":53,"column":1}},"line":7},"1":{"name":"(anonymous_1)","decl":{"start":{"line":19,"column":11},"end":{"line":19,"column":12}},"loc":{"start":{"line":19,"column":18},"end":{"line":19,"column":34}},"line":19},"2":{"name":"(anonymous_2)","decl":{"start":{"line":48,"column":10},"end":{"line":48,"column":11}},"loc":{"start":{"line":48,"column":17},"end":{"line":51,"column":5}},"line":48},"3":{"name":"(anonymous_3)","decl":{"start":{"line":52,"column":11},"end":{"line":52,"column":12}},"loc":{"start":{"line":52,"column":18},"end":{"line":52,"column":48}},"line":52},"4":{"name":"payment","decl":{"start":{"line":55,"column":15},"end":{"line":55,"column":22}},"loc":{"start":{"line":55,"column":32},"end":{"line":63,"column":1}},"line":55},"5":{"name":"calculatePayment","decl":{"start":{"line":69,"column":9},"end":{"line":69,"column":25}},"loc":{"start":{"line":69,"column":32},"end":{"line":71,"column":1}},"line":69},"6":{"name":"calculateDays","decl":{"start":{"line":73,"column":9},"end":{"line":73,"column":22}},"loc":{"start":{"line":73,"column":41},"end":{"line":80,"column":1}},"line":73}},"branchMap":{},"s":{"0":1,"1":1,"2":1,"3":1,"4":1,"5":0,"6":0,"7":0,"8":0,"9":0,"10":0,"11":0,"12":0,"13":0,"14":0,"15":0,"16":0,"17":0,"18":0,"19":0,"20":0,"21":0,"22":0,"23":0,"24":0,"25":1},"f":{"0":0,"1":0,"2":0,"3":0,"4":0,"5":0,"6":0},"b":{},"_coverageSchema":"43e27e138ebf9cfc5966b082cf9a028302ed4184","hash":"e07c1b8dfac11708d648fcdb6e9d158bd5a6a7e9"}
,"/Users/carlgrayau/Desktop/js_final_assignment/express/controllers/inquiry_controller.js": {"path":"/Users/carlgrayau/Desktop/js_final_assignment/express/controllers/inquiry_controller.js","statementMap":{"0":{"start":{"line":1,"column":21},"end":{"line":1,"column":66}},"1":{"start":{"line":2,"column":15},"end":{"line":2,"column":46}},"2":{"start":{"line":3,"column":24},"end":{"line":3,"column":77}},"3":{"start":{"line":6,"column":4},"end":{"line":6,"column":35}},"4":{"start":{"line":7,"column":44},"end":{"line":7,"column":52}},"5":{"start":{"line":8,"column":25},"end":{"line":8,"column":33}},"6":{"start":{"line":10,"column":20},"end":{"line":10,"column":78}},"7":{"start":{"line":12,"column":19},"end":{"line":17,"column":45}},"8":{"start":{"line":18,"column":4},"end":{"line":18,"column":18}},"9":{"start":{"line":19,"column":4},"end":{"line":19,"column":29}},"10":{"start":{"line":20,"column":4},"end":{"line":20,"column":59}},"11":{"start":{"line":23,"column":0},"end":{"line":25,"column":1}}},"fnMap":{"0":{"name":"create","decl":{"start":{"line":5,"column":15},"end":{"line":5,"column":21}},"loc":{"start":{"line":5,"column":32},"end":{"line":21,"column":1}},"line":5}},"branchMap":{},"s":{"0":1,"1":1,"2":1,"3":1,"4":1,"5":1,"6":1,"7":1,"8":1,"9":1,"10":1,"11":1},"f":{"0":1},"b":{},"_coverageSchema":"43e27e138ebf9cfc5966b082cf9a028302ed4184","hash":"55c664c3997610b359d52aaadf74c29cd236179f"}
,"/Users/carlgrayau/Desktop/js_final_assignment/express/database/models/booking_model.js": {"path":"/Users/carlgrayau/Desktop/js_final_assignment/express/database/models/booking_model.js","statementMap":{"0":{"start":{"line":1,"column":17},"end":{"line":1,"column":36}},"1":{"start":{"line":2,"column":22},"end":{"line":2,"column":60}},"2":{"start":{"line":4,"column":21},"end":{"line":4,"column":61}},"3":{"start":{"line":6,"column":0},"end":{"line":6,"column":30}}},"fnMap":{},"branchMap":{},"s":{"0":1,"1":1,"2":1,"3":1},"f":{},"b":{},"_coverageSchema":"43e27e138ebf9cfc5966b082cf9a028302ed4184","hash":"5d9d5e00b41e2404ef399590e33144f2af0b5238"}
,"/Users/carlgrayau/Desktop/js_final_assignment/express/database/models/inquiry_model.js": {"path":"/Users/carlgrayau/Desktop/js_final_assignment/express/database/models/inquiry_model.js","statementMap":{"0":{"start":{"line":1,"column":17},"end":{"line":1,"column":36}},"1":{"start":{"line":2,"column":22},"end":{"line":2,"column":60}},"2":{"start":{"line":4,"column":21},"end":{"line":4,"column":61}},"3":{"start":{"line":6,"column":0},"end":{"line":6,"column":30}}},"fnMap":{},"branchMap":{},"s":{"0":1,"1":1,"2":1,"3":1},"f":{},"b":{},"_coverageSchema":"43e27e138ebf9cfc5966b082cf9a028302ed4184","hash":"1eacd0e14038fc35217ef7cb1e02fdfcc9f5890d"}
,"/Users/carlgrayau/Desktop/js_final_assignment/express/database/schemas/booking_schema.js": {"path":"/Users/carlgrayau/Desktop/js_final_assignment/express/database/schemas/booking_schema.js","statementMap":{"0":{"start":{"line":1,"column":19},"end":{"line":1,"column":38}},"1":{"start":{"line":3,"column":22},"end":{"line":39,"column":2}},"2":{"start":{"line":41,"column":0},"end":{"line":41,"column":31}}},"fnMap":{},"branchMap":{},"s":{"0":1,"1":1,"2":1},"f":{},"b":{},"_coverageSchema":"43e27e138ebf9cfc5966b082cf9a028302ed4184","hash":"ca72ce689a5a5fe2395379da458dcfc74d23ffef"}
,"/Users/carlgrayau/Desktop/js_final_assignment/express/database/schemas/inquiry_schema.js": {"path":"/Users/carlgrayau/Desktop/js_final_assignment/express/database/schemas/inquiry_schema.js","statementMap":{"0":{"start":{"line":1,"column":19},"end":{"line":1,"column":38}},"1":{"start":{"line":3,"column":22},"end":{"line":18,"column":2}},"2":{"start":{"line":20,"column":0},"end":{"line":20,"column":31}}},"fnMap":{},"branchMap":{},"s":{"0":1,"1":1,"2":1},"f":{},"b":{},"_coverageSchema":"43e27e138ebf9cfc5966b082cf9a028302ed4184","hash":"46b39f87301720d827f88d4127a604dae4e96dc4"}
,"/Users/carlgrayau/Desktop/js_final_assignment/express/routes/booking_routes.js": {"path":"/Users/carlgrayau/Desktop/js_final_assignment/express/routes/booking_routes.js","statementMap":{"0":{"start":{"line":1,"column":16},"end":{"line":1,"column":34}},"1":{"start":{"line":2,"column":15},"end":{"line":2,"column":31}},"2":{"start":{"line":3,"column":27},"end":{"line":3,"column":47}},"3":{"start":{"line":4,"column":26},"end":{"line":4,"column":72}},"4":{"start":{"line":6,"column":0},"end":{"line":6,"column":46}},"5":{"start":{"line":8,"column":0},"end":{"line":8,"column":50}},"6":{"start":{"line":11,"column":0},"end":{"line":11,"column":24}}},"fnMap":{},"branchMap":{},"s":{"0":1,"1":1,"2":1,"3":1,"4":1,"5":1,"6":1},"f":{},"b":{},"_coverageSchema":"43e27e138ebf9cfc5966b082cf9a028302ed4184","hash":"b2c65b2bd531e08085be050b0757b9c2c3660777"}
,"/Users/carlgrayau/Desktop/js_final_assignment/express/routes/index.js": {"path":"/Users/carlgrayau/Desktop/js_final_assignment/express/routes/index.js","statementMap":{"0":{"start":{"line":1,"column":16},"end":{"line":1,"column":34}},"1":{"start":{"line":2,"column":15},"end":{"line":2,"column":31}},"2":{"start":{"line":3,"column":22},"end":{"line":3,"column":49}},"3":{"start":{"line":4,"column":22},"end":{"line":4,"column":49}},"4":{"start":{"line":5,"column":19},"end":{"line":5,"column":40}},"5":{"start":{"line":8,"column":0},"end":{"line":8,"column":38}},"6":{"start":{"line":10,"column":0},"end":{"line":10,"column":38}},"7":{"start":{"line":14,"column":0},"end":{"line":36,"column":3}},"8":{"start":{"line":15,"column":25},"end":{"line":18,"column":7}},"9":{"start":{"line":19,"column":4},"end":{"line":21,"column":7}},"10":{"start":{"line":22,"column":21},"end":{"line":22,"column":72}},"11":{"start":{"line":23,"column":4},"end":{"line":35,"column":54}},"12":{"start":{"line":32,"column":27},"end":{"line":32,"column":41}},"13":{"start":{"line":33,"column":12},"end":{"line":33,"column":32}},"14":{"start":{"line":35,"column":22},"end":{"line":35,"column":52}},"15":{"start":{"line":38,"column":0},"end":{"line":83,"column":3}},"16":{"start":{"line":39,"column":25},"end":{"line":42,"column":5}},"17":{"start":{"line":43,"column":4},"end":{"line":45,"column":7}},"18":{"start":{"line":46,"column":18},"end":{"line":72,"column":7}},"19":{"start":{"line":73,"column":21},"end":{"line":73,"column":72}},"20":{"start":{"line":74,"column":4},"end":{"line":82,"column":50}},"21":{"start":{"line":79,"column":23},"end":{"line":79,"column":37}},"22":{"start":{"line":80,"column":8},"end":{"line":80,"column":28}},"23":{"start":{"line":82,"column":18},"end":{"line":82,"column":48}},"24":{"start":{"line":87,"column":0},"end":{"line":87,"column":24}}},"fnMap":{"0":{"name":"(anonymous_0)","decl":{"start":{"line":14,"column":20},"end":{"line":14,"column":21}},"loc":{"start":{"line":14,"column":34},"end":{"line":36,"column":1}},"line":14},"1":{"name":"(anonymous_1)","decl":{"start":{"line":31,"column":14},"end":{"line":31,"column":15}},"loc":{"start":{"line":31,"column":21},"end":{"line":34,"column":9}},"line":31},"2":{"name":"(anonymous_2)","decl":{"start":{"line":35,"column":15},"end":{"line":35,"column":16}},"loc":{"start":{"line":35,"column":22},"end":{"line":35,"column":52}},"line":35},"3":{"name":"(anonymous_3)","decl":{"start":{"line":38,"column":28},"end":{"line":38,"column":29}},"loc":{"start":{"line":38,"column":42},"end":{"line":83,"column":1}},"line":38},"4":{"name":"(anonymous_4)","decl":{"start":{"line":78,"column":10},"end":{"line":78,"column":11}},"loc":{"start":{"line":78,"column":17},"end":{"line":81,"column":5}},"line":78},"5":{"name":"(anonymous_5)","decl":{"start":{"line":82,"column":11},"end":{"line":82,"column":12}},"loc":{"start":{"line":82,"column":18},"end":{"line":82,"column":48}},"line":82}},"branchMap":{},"s":{"0":1,"1":1,"2":1,"3":1,"4":1,"5":1,"6":1,"7":1,"8":0,"9":0,"10":0,"11":0,"12":0,"13":0,"14":0,"15":1,"16":0,"17":0,"18":0,"19":0,"20":0,"21":0,"22":0,"23":0,"24":1},"f":{"0":0,"1":0,"2":0,"3":0,"4":0,"5":0},"b":{},"_coverageSchema":"43e27e138ebf9cfc5966b082cf9a028302ed4184","hash":"44a3aab89d291cc3fd6ada6b2e6fa9d0f5340718"}
,"/Users/carlgrayau/Desktop/js_final_assignment/express/routes/inquiry_routes.js": {"path":"/Users/carlgrayau/Desktop/js_final_assignment/express/routes/inquiry_routes.js","statementMap":{"0":{"start":{"line":1,"column":16},"end":{"line":1,"column":34}},"1":{"start":{"line":2,"column":15},"end":{"line":2,"column":31}},"2":{"start":{"line":3,"column":27},"end":{"line":3,"column":47}},"3":{"start":{"line":4,"column":26},"end":{"line":4,"column":72}},"4":{"start":{"line":7,"column":0},"end":{"line":7,"column":46}},"5":{"start":{"line":9,"column":0},"end":{"line":9,"column":24}}},"fnMap":{},"branchMap":{},"s":{"0":1,"1":1,"2":1,"3":1,"4":1,"5":1},"f":{},"b":{},"_coverageSchema":"43e27e138ebf9cfc5966b082cf9a028302ed4184","hash":"2ede84596183fb56198e001c3a2c4f5c2485b093"}
,"/Users/carlgrayau/Desktop/js_final_assignment/express/services/Mailer.js": {"path":"/Users/carlgrayau/Desktop/js_final_assignment/express/services/Mailer.js","statementMap":{"0":{"start":{"line":1,"column":15},"end":{"line":1,"column":40}},"1":{"start":{"line":3,"column":0},"end":{"line":3,"column":44}},"2":{"start":{"line":7,"column":8},"end":{"line":7,"column":21}},"3":{"start":{"line":8,"column":8},"end":{"line":8,"column":25}},"4":{"start":{"line":9,"column":8},"end":{"line":9,"column":31}},"5":{"start":{"line":10,"column":8},"end":{"line":10,"column":25}},"6":{"start":{"line":11,"column":8},"end":{"line":11,"column":25}},"7":{"start":{"line":14,"column":21},"end":{"line":20,"column":6}},"8":{"start":{"line":22,"column":4},"end":{"line":22,"column":19}},"9":{"start":{"line":26,"column":0},"end":{"line":26,"column":24}}},"fnMap":{"0":{"name":"(anonymous_0)","decl":{"start":{"line":6,"column":4},"end":{"line":6,"column":5}},"loc":{"start":{"line":6,"column":47},"end":{"line":12,"column":5}},"line":6},"1":{"name":"(anonymous_1)","decl":{"start":{"line":13,"column":4},"end":{"line":13,"column":5}},"loc":{"start":{"line":13,"column":17},"end":{"line":23,"column":5}},"line":13}},"branchMap":{},"s":{"0":1,"1":1,"2":1,"3":1,"4":1,"5":1,"6":1,"7":1,"8":0,"9":1},"f":{"0":1,"1":1},"b":{},"_coverageSchema":"43e27e138ebf9cfc5966b082cf9a028302ed4184","hash":"2314c4bb943f7cedb1a3c18429062eef7d2cdfff"}
,"/Users/carlgrayau/Desktop/js_final_assignment/express/services/emailTemplates/inquiryTemplate.js": {"path":"/Users/carlgrayau/Desktop/js_final_assignment/express/services/emailTemplates/inquiryTemplate.js","statementMap":{"0":{"start":{"line":1,"column":0},"end":{"line":3,"column":2}},"1":{"start":{"line":2,"column":4},"end":{"line":2,"column":45}}},"fnMap":{"0":{"name":"(anonymous_0)","decl":{"start":{"line":1,"column":17},"end":{"line":1,"column":18}},"loc":{"start":{"line":1,"column":33},"end":{"line":3,"column":1}},"line":1}},"branchMap":{},"s":{"0":1,"1":0},"f":{"0":0},"b":{},"_coverageSchema":"43e27e138ebf9cfc5966b082cf9a028302ed4184","hash":"603cf748e5c49ed3751d5bdd3711c62a787d08b6"}
}
