TN:
SF:/Users/carlgrayau/Desktop/js_final_assignment/express/app.js
FNF:0
FNH:0
DA:1,1
DA:2,1
DA:3,1
DA:4,1
DA:5,1
DA:7,1
DA:9,1
DA:13,1
DA:14,1
DA:16,1
DA:18,1
DA:21,1
DA:24,1
LF:13
LH:13
BRF:0
BRH:0
end_of_record
TN:
SF:/Users/carlgrayau/Desktop/js_final_assignment/express/controllers/booking_controller.js
FN:7,create
FN:19,(anonymous_1)
FN:48,(anonymous_2)
FN:52,(anonymous_3)
FN:55,payment
FN:69,calculatePayment
FN:73,calculateDays
FNF:7
FNH:0
FNDA:0,create
FNDA:0,(anonymous_1)
FNDA:0,(anonymous_2)
FNDA:0,(anonymous_3)
FNDA:0,payment
FNDA:0,calculatePayment
FNDA:0,calculateDays
DA:1,1
DA:2,1
DA:3,1
DA:4,1
DA:5,1
DA:8,0
DA:10,0
DA:12,0
DA:14,0
DA:16,0
DA:18,0
DA:19,0
DA:21,0
DA:25,0
DA:29,0
DA:43,0
DA:44,0
DA:49,0
DA:50,0
DA:52,0
DA:70,0
DA:74,0
DA:75,0
DA:76,0
DA:78,0
DA:82,1
LF:26
LH:6
BRF:0
BRH:0
end_of_record
TN:
SF:/Users/carlgrayau/Desktop/js_final_assignment/express/controllers/inquiry_controller.js
FN:5,create
FNF:1
FNH:1
FNDA:1,create
DA:1,1
DA:2,1
DA:3,1
DA:6,1
DA:7,1
DA:8,1
DA:10,1
DA:12,1
DA:18,1
DA:19,1
DA:20,1
DA:23,1
LF:12
LH:12
BRF:0
BRH:0
end_of_record
TN:
SF:/Users/carlgrayau/Desktop/js_final_assignment/express/database/models/booking_model.js
FNF:0
FNH:0
DA:1,1
DA:2,1
DA:4,1
DA:6,1
LF:4
LH:4
BRF:0
BRH:0
end_of_record
TN:
SF:/Users/carlgrayau/Desktop/js_final_assignment/express/database/models/inquiry_model.js
FNF:0
FNH:0
DA:1,1
DA:2,1
DA:4,1
DA:6,1
LF:4
LH:4
BRF:0
BRH:0
end_of_record
TN:
SF:/Users/carlgrayau/Desktop/js_final_assignment/express/database/schemas/booking_schema.js
FNF:0
FNH:0
DA:1,1
DA:3,1
DA:41,1
LF:3
LH:3
BRF:0
BRH:0
end_of_record
TN:
SF:/Users/carlgrayau/Desktop/js_final_assignment/express/database/schemas/inquiry_schema.js
FNF:0
FNH:0
DA:1,1
DA:3,1
DA:20,1
LF:3
LH:3
BRF:0
BRH:0
end_of_record
TN:
SF:/Users/carlgrayau/Desktop/js_final_assignment/express/routes/booking_routes.js
FNF:0
FNH:0
DA:1,1
DA:2,1
DA:3,1
DA:4,1
DA:6,1
DA:8,1
DA:11,1
LF:7
LH:7
BRF:0
BRH:0
end_of_record
TN:
SF:/Users/carlgrayau/Desktop/js_final_assignment/express/routes/index.js
FN:14,(anonymous_0)
FN:31,(anonymous_1)
FN:35,(anonymous_2)
FN:38,(anonymous_3)
FN:78,(anonymous_4)
FN:82,(anonymous_5)
FNF:6
FNH:0
FNDA:0,(anonymous_0)
FNDA:0,(anonymous_1)
FNDA:0,(anonymous_2)
FNDA:0,(anonymous_3)
FNDA:0,(anonymous_4)
FNDA:0,(anonymous_5)
DA:1,1
DA:2,1
DA:3,1
DA:4,1
DA:5,1
DA:8,1
DA:10,1
DA:14,1
DA:15,0
DA:19,0
DA:22,0
DA:23,0
DA:32,0
DA:33,0
DA:35,0
DA:38,1
DA:39,0
DA:43,0
DA:46,0
DA:73,0
DA:74,0
DA:79,0
DA:80,0
DA:82,0
DA:87,1
LF:25
LH:10
BRF:0
BRH:0
end_of_record
TN:
SF:/Users/carlgrayau/Desktop/js_final_assignment/express/routes/inquiry_routes.js
FNF:0
FNH:0
DA:1,1
DA:2,1
DA:3,1
DA:4,1
DA:7,1
DA:9,1
LF:6
LH:6
BRF:0
BRH:0
end_of_record
TN:
SF:/Users/carlgrayau/Desktop/js_final_assignment/express/services/Mailer.js
FN:6,(anonymous_0)
FN:13,(anonymous_1)
FNF:2
FNH:2
FNDA:1,(anonymous_0)
FNDA:1,(anonymous_1)
DA:1,1
DA:3,1
DA:7,1
DA:8,1
DA:9,1
DA:10,1
DA:11,1
DA:14,1
DA:22,0
DA:26,1
LF:10
LH:9
BRF:0
BRH:0
end_of_record
TN:
SF:/Users/carlgrayau/Desktop/js_final_assignment/express/services/emailTemplates/inquiryTemplate.js
FN:1,(anonymous_0)
FNF:1
FNH:0
FNDA:0,(anonymous_0)
DA:1,1
DA:2,0
LF:2
LH:1
BRF:0
BRH:0
end_of_record
